<?xml version="1.0" encoding="UTF-8"?>
<testsuite name="com.learn.producer.ProducerApplicationTests" tests="1" skipped="0" failures="0" errors="0" timestamp="2025-04-04T04:30:20.101Z" hostname="OMEN" time="0.441">
  <properties/>
  <testcase name="contextLoads()" classname="com.learn.producer.ProducerApplicationTests" time="0.441"/>
  <system-out><![CDATA[04:29:39.430 [Test worker] INFO org.springframework.test.context.support.AnnotationConfigContextLoaderUtils -- Could not detect default configuration classes for test class [com.learn.producer.ProducerApplicationTests]: ProducerApplicationTests does not declare any static, non-private, non-final, nested classes annotated with @Configuration.
04:29:39.495 [Test worker] INFO org.springframework.boot.test.context.SpringBootTestContextBootstrapper -- Found @SpringBootConfiguration com.learn.producer.ProducerApplication for test class com.learn.producer.ProducerApplicationTests

  .   ____          _            __ _ _
 /\\ / ___'_ __ _ _(_)_ __  __ _ \ \ \ \
( ( )\___ | '_ | '_| | '_ \/ _` | \ \ \ \
 \\/  ___)| |_)| | | | | || (_| |  ) ) ) )
  '  |____| .__|_| |_|_| |_\__, | / / / /
 =========|_|==============|___/=/_/_/_/

 :: Spring Boot ::                (v3.4.4)

2025-04-04T04:29:39.777Z  INFO 2125 --- [producer] [    Test worker] c.l.producer.ProducerApplicationTests    : Starting ProducerApplicationTests using Java 21.0.6 with PID 2125 (started by shubh in /home/shubh/learn-kafka/producer)
2025-04-04T04:29:39.778Z  INFO 2125 --- [producer] [    Test worker] c.l.producer.ProducerApplicationTests    : No active profile set, falling back to 1 default profile: "default"
2025-04-04T04:29:40.595Z  INFO 2125 --- [producer] [    Test worker] o.a.k.clients.admin.AdminClientConfig    : AdminClientConfig values: 
	auto.include.jmx.reporter = true
	bootstrap.controllers = []
	bootstrap.servers = [localhost:9092]
	client.dns.lookup = use_all_dns_ips
	client.id = producer-admin-0
	connections.max.idle.ms = 300000
	default.api.timeout.ms = 60000
	enable.metrics.push = true
	metadata.max.age.ms = 300000
	metadata.recovery.strategy = none
	metric.reporters = []
	metrics.num.samples = 2
	metrics.recording.level = INFO
	metrics.sample.window.ms = 30000
	receive.buffer.bytes = 65536
	reconnect.backoff.max.ms = 1000
	reconnect.backoff.ms = 50
	request.timeout.ms = 30000
	retries = 2147483647
	retry.backoff.max.ms = 1000
	retry.backoff.ms = 100
	sasl.client.callback.handler.class = null
	sasl.jaas.config = null
	sasl.kerberos.kinit.cmd = /usr/bin/kinit
	sasl.kerberos.min.time.before.relogin = 60000
	sasl.kerberos.service.name = null
	sasl.kerberos.ticket.renew.jitter = 0.05
	sasl.kerberos.ticket.renew.window.factor = 0.8
	sasl.login.callback.handler.class = null
	sasl.login.class = null
	sasl.login.connect.timeout.ms = null
	sasl.login.read.timeout.ms = null
	sasl.login.refresh.buffer.seconds = 300
	sasl.login.refresh.min.period.seconds = 60
	sasl.login.refresh.window.factor = 0.8
	sasl.login.refresh.window.jitter = 0.05
	sasl.login.retry.backoff.max.ms = 10000
	sasl.login.retry.backoff.ms = 100
	sasl.mechanism = GSSAPI
	sasl.oauthbearer.clock.skew.seconds = 30
	sasl.oauthbearer.expected.audience = null
	sasl.oauthbearer.expected.issuer = null
	sasl.oauthbearer.jwks.endpoint.refresh.ms = 3600000
	sasl.oauthbearer.jwks.endpoint.retry.backoff.max.ms = 10000
	sasl.oauthbearer.jwks.endpoint.retry.backoff.ms = 100
	sasl.oauthbearer.jwks.endpoint.url = null
	sasl.oauthbearer.scope.claim.name = scope
	sasl.oauthbearer.sub.claim.name = sub
	sasl.oauthbearer.token.endpoint.url = null
	security.protocol = PLAINTEXT
	security.providers = null
	send.buffer.bytes = 131072
	socket.connection.setup.timeout.max.ms = 30000
	socket.connection.setup.timeout.ms = 10000
	ssl.cipher.suites = null
	ssl.enabled.protocols = [TLSv1.2, TLSv1.3]
	ssl.endpoint.identification.algorithm = https
	ssl.engine.factory.class = null
	ssl.key.password = null
	ssl.keymanager.algorithm = SunX509
	ssl.keystore.certificate.chain = null
	ssl.keystore.key = null
	ssl.keystore.location = null
	ssl.keystore.password = null
	ssl.keystore.type = JKS
	ssl.protocol = TLSv1.3
	ssl.provider = null
	ssl.secure.random.implementation = null
	ssl.trustmanager.algorithm = PKIX
	ssl.truststore.certificates = null
	ssl.truststore.location = null
	ssl.truststore.password = null
	ssl.truststore.type = JKS

2025-04-04T04:29:40.738Z  INFO 2125 --- [producer] [    Test worker] o.a.kafka.common.utils.AppInfoParser     : Kafka version: 3.8.1
2025-04-04T04:29:40.739Z  INFO 2125 --- [producer] [    Test worker] o.a.kafka.common.utils.AppInfoParser     : Kafka commitId: 70d6ff42debf7e17
2025-04-04T04:29:40.739Z  INFO 2125 --- [producer] [    Test worker] o.a.kafka.common.utils.AppInfoParser     : Kafka startTimeMs: 1743740980737
2025-04-04T04:29:40.746Z  INFO 2125 --- [producer] [roducer-admin-0] org.apache.kafka.clients.NetworkClient   : [AdminClient clientId=producer-admin-0] Node -1 disconnected.
2025-04-04T04:29:40.747Z  WARN 2125 --- [producer] [roducer-admin-0] org.apache.kafka.clients.NetworkClient   : [AdminClient clientId=producer-admin-0] Connection to node -1 (localhost/127.0.0.1:9092) could not be established. Node may not be available.
2025-04-04T04:29:40.850Z  INFO 2125 --- [producer] [roducer-admin-0] org.apache.kafka.clients.NetworkClient   : [AdminClient clientId=producer-admin-0] Node -1 disconnected.
2025-04-04T04:29:40.851Z  WARN 2125 --- [producer] [roducer-admin-0] org.apache.kafka.clients.NetworkClient   : [AdminClient clientId=producer-admin-0] Connection to node -1 (localhost/127.0.0.1:9092) could not be established. Node may not be available.
2025-04-04T04:29:40.952Z  INFO 2125 --- [producer] [roducer-admin-0] org.apache.kafka.clients.NetworkClient   : [AdminClient clientId=producer-admin-0] Node -1 disconnected.
2025-04-04T04:29:40.952Z  WARN 2125 --- [producer] [roducer-admin-0] org.apache.kafka.clients.NetworkClient   : [AdminClient clientId=producer-admin-0] Connection to node -1 (localhost/127.0.0.1:9092) could not be established. Node may not be available.
2025-04-04T04:29:41.156Z  INFO 2125 --- [producer] [roducer-admin-0] org.apache.kafka.clients.NetworkClient   : [AdminClient clientId=producer-admin-0] Node -1 disconnected.
2025-04-04T04:29:41.156Z  WARN 2125 --- [producer] [roducer-admin-0] org.apache.kafka.clients.NetworkClient   : [AdminClient clientId=producer-admin-0] Connection to node -1 (localhost/127.0.0.1:9092) could not be established. Node may not be available.
2025-04-04T04:29:41.566Z  INFO 2125 --- [producer] [roducer-admin-0] org.apache.kafka.clients.NetworkClient   : [AdminClient clientId=producer-admin-0] Node -1 disconnected.
2025-04-04T04:29:41.566Z  WARN 2125 --- [producer] [roducer-admin-0] org.apache.kafka.clients.NetworkClient   : [AdminClient clientId=producer-admin-0] Connection to node -1 (localhost/127.0.0.1:9092) could not be established. Node may not be available.
2025-04-04T04:29:42.476Z  INFO 2125 --- [producer] [roducer-admin-0] org.apache.kafka.clients.NetworkClient   : [AdminClient clientId=producer-admin-0] Node -1 disconnected.
2025-04-04T04:29:42.476Z  WARN 2125 --- [producer] [roducer-admin-0] org.apache.kafka.clients.NetworkClient   : [AdminClient clientId=producer-admin-0] Connection to node -1 (localhost/127.0.0.1:9092) could not be established. Node may not be available.
2025-04-04T04:29:43.380Z  INFO 2125 --- [producer] [roducer-admin-0] org.apache.kafka.clients.NetworkClient   : [AdminClient clientId=producer-admin-0] Node -1 disconnected.
2025-04-04T04:29:43.381Z  WARN 2125 --- [producer] [roducer-admin-0] org.apache.kafka.clients.NetworkClient   : [AdminClient clientId=producer-admin-0] Connection to node -1 (localhost/127.0.0.1:9092) could not be established. Node may not be available.
2025-04-04T04:29:44.385Z  INFO 2125 --- [producer] [roducer-admin-0] org.apache.kafka.clients.NetworkClient   : [AdminClient clientId=producer-admin-0] Node -1 disconnected.
2025-04-04T04:29:44.386Z  WARN 2125 --- [producer] [roducer-admin-0] org.apache.kafka.clients.NetworkClient   : [AdminClient clientId=producer-admin-0] Connection to node -1 (localhost/127.0.0.1:9092) could not be established. Node may not be available.
2025-04-04T04:29:45.391Z  INFO 2125 --- [producer] [roducer-admin-0] org.apache.kafka.clients.NetworkClient   : [AdminClient clientId=producer-admin-0] Node -1 disconnected.
2025-04-04T04:29:45.392Z  WARN 2125 --- [producer] [roducer-admin-0] org.apache.kafka.clients.NetworkClient   : [AdminClient clientId=producer-admin-0] Connection to node -1 (localhost/127.0.0.1:9092) could not be established. Node may not be available.
2025-04-04T04:29:46.298Z  INFO 2125 --- [producer] [roducer-admin-0] org.apache.kafka.clients.NetworkClient   : [AdminClient clientId=producer-admin-0] Node -1 disconnected.
2025-04-04T04:29:46.299Z  WARN 2125 --- [producer] [roducer-admin-0] org.apache.kafka.clients.NetworkClient   : [AdminClient clientId=producer-admin-0] Connection to node -1 (localhost/127.0.0.1:9092) could not be established. Node may not be available.
2025-04-04T04:29:47.306Z  INFO 2125 --- [producer] [roducer-admin-0] org.apache.kafka.clients.NetworkClient   : [AdminClient clientId=producer-admin-0] Node -1 disconnected.
2025-04-04T04:29:47.306Z  WARN 2125 --- [producer] [roducer-admin-0] org.apache.kafka.clients.NetworkClient   : [AdminClient clientId=producer-admin-0] Connection to node -1 (localhost/127.0.0.1:9092) could not be established. Node may not be available.
2025-04-04T04:29:48.315Z  INFO 2125 --- [producer] [roducer-admin-0] org.apache.kafka.clients.NetworkClient   : [AdminClient clientId=producer-admin-0] Node -1 disconnected.
2025-04-04T04:29:48.315Z  WARN 2125 --- [producer] [roducer-admin-0] org.apache.kafka.clients.NetworkClient   : [AdminClient clientId=producer-admin-0] Connection to node -1 (localhost/127.0.0.1:9092) could not be established. Node may not be available.
2025-04-04T04:29:49.326Z  INFO 2125 --- [producer] [roducer-admin-0] org.apache.kafka.clients.NetworkClient   : [AdminClient clientId=producer-admin-0] Node -1 disconnected.
2025-04-04T04:29:49.326Z  WARN 2125 --- [producer] [roducer-admin-0] org.apache.kafka.clients.NetworkClient   : [AdminClient clientId=producer-admin-0] Connection to node -1 (localhost/127.0.0.1:9092) could not be established. Node may not be available.
2025-04-04T04:29:50.333Z  INFO 2125 --- [producer] [roducer-admin-0] org.apache.kafka.clients.NetworkClient   : [AdminClient clientId=producer-admin-0] Node -1 disconnected.
2025-04-04T04:29:50.333Z  WARN 2125 --- [producer] [roducer-admin-0] org.apache.kafka.clients.NetworkClient   : [AdminClient clientId=producer-admin-0] Connection to node -1 (localhost/127.0.0.1:9092) could not be established. Node may not be available.
2025-04-04T04:29:51.339Z  INFO 2125 --- [producer] [roducer-admin-0] org.apache.kafka.clients.NetworkClient   : [AdminClient clientId=producer-admin-0] Node -1 disconnected.
2025-04-04T04:29:51.339Z  WARN 2125 --- [producer] [roducer-admin-0] org.apache.kafka.clients.NetworkClient   : [AdminClient clientId=producer-admin-0] Connection to node -1 (localhost/127.0.0.1:9092) could not be established. Node may not be available.
2025-04-04T04:29:52.344Z  INFO 2125 --- [producer] [roducer-admin-0] org.apache.kafka.clients.NetworkClient   : [AdminClient clientId=producer-admin-0] Node -1 disconnected.
2025-04-04T04:29:52.344Z  WARN 2125 --- [producer] [roducer-admin-0] org.apache.kafka.clients.NetworkClient   : [AdminClient clientId=producer-admin-0] Connection to node -1 (localhost/127.0.0.1:9092) could not be established. Node may not be available.
2025-04-04T04:29:53.349Z  INFO 2125 --- [producer] [roducer-admin-0] org.apache.kafka.clients.NetworkClient   : [AdminClient clientId=producer-admin-0] Node -1 disconnected.
2025-04-04T04:29:53.349Z  WARN 2125 --- [producer] [roducer-admin-0] org.apache.kafka.clients.NetworkClient   : [AdminClient clientId=producer-admin-0] Connection to node -1 (localhost/127.0.0.1:9092) could not be established. Node may not be available.
2025-04-04T04:29:54.161Z  INFO 2125 --- [producer] [roducer-admin-0] org.apache.kafka.clients.NetworkClient   : [AdminClient clientId=producer-admin-0] Node -1 disconnected.
2025-04-04T04:29:54.161Z  WARN 2125 --- [producer] [roducer-admin-0] org.apache.kafka.clients.NetworkClient   : [AdminClient clientId=producer-admin-0] Connection to node -1 (localhost/127.0.0.1:9092) could not be established. Node may not be available.
2025-04-04T04:29:55.167Z  INFO 2125 --- [producer] [roducer-admin-0] org.apache.kafka.clients.NetworkClient   : [AdminClient clientId=producer-admin-0] Node -1 disconnected.
2025-04-04T04:29:55.168Z  WARN 2125 --- [producer] [roducer-admin-0] org.apache.kafka.clients.NetworkClient   : [AdminClient clientId=producer-admin-0] Connection to node -1 (localhost/127.0.0.1:9092) could not be established. Node may not be available.
2025-04-04T04:29:56.175Z  INFO 2125 --- [producer] [roducer-admin-0] org.apache.kafka.clients.NetworkClient   : [AdminClient clientId=producer-admin-0] Node -1 disconnected.
2025-04-04T04:29:56.175Z  WARN 2125 --- [producer] [roducer-admin-0] org.apache.kafka.clients.NetworkClient   : [AdminClient clientId=producer-admin-0] Connection to node -1 (localhost/127.0.0.1:9092) could not be established. Node may not be available.
2025-04-04T04:29:57.183Z  INFO 2125 --- [producer] [roducer-admin-0] org.apache.kafka.clients.NetworkClient   : [AdminClient clientId=producer-admin-0] Node -1 disconnected.
2025-04-04T04:29:57.183Z  WARN 2125 --- [producer] [roducer-admin-0] org.apache.kafka.clients.NetworkClient   : [AdminClient clientId=producer-admin-0] Connection to node -1 (localhost/127.0.0.1:9092) could not be established. Node may not be available.
2025-04-04T04:29:58.190Z  INFO 2125 --- [producer] [roducer-admin-0] org.apache.kafka.clients.NetworkClient   : [AdminClient clientId=producer-admin-0] Node -1 disconnected.
2025-04-04T04:29:58.190Z  WARN 2125 --- [producer] [roducer-admin-0] org.apache.kafka.clients.NetworkClient   : [AdminClient clientId=producer-admin-0] Connection to node -1 (localhost/127.0.0.1:9092) could not be established. Node may not be available.
2025-04-04T04:29:59.195Z  INFO 2125 --- [producer] [roducer-admin-0] org.apache.kafka.clients.NetworkClient   : [AdminClient clientId=producer-admin-0] Node -1 disconnected.
2025-04-04T04:29:59.195Z  WARN 2125 --- [producer] [roducer-admin-0] org.apache.kafka.clients.NetworkClient   : [AdminClient clientId=producer-admin-0] Connection to node -1 (localhost/127.0.0.1:9092) could not be established. Node may not be available.
2025-04-04T04:30:00.204Z  INFO 2125 --- [producer] [roducer-admin-0] org.apache.kafka.clients.NetworkClient   : [AdminClient clientId=producer-admin-0] Node -1 disconnected.
2025-04-04T04:30:00.204Z  WARN 2125 --- [producer] [roducer-admin-0] org.apache.kafka.clients.NetworkClient   : [AdminClient clientId=producer-admin-0] Connection to node -1 (localhost/127.0.0.1:9092) could not be established. Node may not be available.
2025-04-04T04:30:01.208Z  INFO 2125 --- [producer] [roducer-admin-0] org.apache.kafka.clients.NetworkClient   : [AdminClient clientId=producer-admin-0] Node -1 disconnected.
2025-04-04T04:30:01.209Z  WARN 2125 --- [producer] [roducer-admin-0] org.apache.kafka.clients.NetworkClient   : [AdminClient clientId=producer-admin-0] Connection to node -1 (localhost/127.0.0.1:9092) could not be established. Node may not be available.
2025-04-04T04:30:02.148Z  INFO 2125 --- [producer] [roducer-admin-0] org.apache.kafka.clients.NetworkClient   : [AdminClient clientId=producer-admin-0] Node -1 disconnected.
2025-04-04T04:30:02.149Z  WARN 2125 --- [producer] [roducer-admin-0] org.apache.kafka.clients.NetworkClient   : [AdminClient clientId=producer-admin-0] Connection to node -1 (localhost/127.0.0.1:9092) could not be established. Node may not be available.
2025-04-04T04:30:03.154Z  INFO 2125 --- [producer] [roducer-admin-0] org.apache.kafka.clients.NetworkClient   : [AdminClient clientId=producer-admin-0] Node -1 disconnected.
2025-04-04T04:30:03.154Z  WARN 2125 --- [producer] [roducer-admin-0] org.apache.kafka.clients.NetworkClient   : [AdminClient clientId=producer-admin-0] Connection to node -1 (localhost/127.0.0.1:9092) could not be established. Node may not be available.
2025-04-04T04:30:04.057Z  INFO 2125 --- [producer] [roducer-admin-0] org.apache.kafka.clients.NetworkClient   : [AdminClient clientId=producer-admin-0] Node -1 disconnected.
2025-04-04T04:30:04.058Z  WARN 2125 --- [producer] [roducer-admin-0] org.apache.kafka.clients.NetworkClient   : [AdminClient clientId=producer-admin-0] Connection to node -1 (localhost/127.0.0.1:9092) could not be established. Node may not be available.
2025-04-04T04:30:04.961Z  INFO 2125 --- [producer] [roducer-admin-0] org.apache.kafka.clients.NetworkClient   : [AdminClient clientId=producer-admin-0] Node -1 disconnected.
2025-04-04T04:30:04.961Z  WARN 2125 --- [producer] [roducer-admin-0] org.apache.kafka.clients.NetworkClient   : [AdminClient clientId=producer-admin-0] Connection to node -1 (localhost/127.0.0.1:9092) could not be established. Node may not be available.
2025-04-04T04:30:05.965Z  INFO 2125 --- [producer] [roducer-admin-0] org.apache.kafka.clients.NetworkClient   : [AdminClient clientId=producer-admin-0] Node -1 disconnected.
2025-04-04T04:30:05.965Z  WARN 2125 --- [producer] [roducer-admin-0] org.apache.kafka.clients.NetworkClient   : [AdminClient clientId=producer-admin-0] Connection to node -1 (localhost/127.0.0.1:9092) could not be established. Node may not be available.
2025-04-04T04:30:06.969Z  INFO 2125 --- [producer] [roducer-admin-0] org.apache.kafka.clients.NetworkClient   : [AdminClient clientId=producer-admin-0] Node -1 disconnected.
2025-04-04T04:30:06.969Z  WARN 2125 --- [producer] [roducer-admin-0] org.apache.kafka.clients.NetworkClient   : [AdminClient clientId=producer-admin-0] Connection to node -1 (localhost/127.0.0.1:9092) could not be established. Node may not be available.
2025-04-04T04:30:07.973Z  INFO 2125 --- [producer] [roducer-admin-0] org.apache.kafka.clients.NetworkClient   : [AdminClient clientId=producer-admin-0] Node -1 disconnected.
2025-04-04T04:30:07.973Z  WARN 2125 --- [producer] [roducer-admin-0] org.apache.kafka.clients.NetworkClient   : [AdminClient clientId=producer-admin-0] Connection to node -1 (localhost/127.0.0.1:9092) could not be established. Node may not be available.
2025-04-04T04:30:08.977Z  INFO 2125 --- [producer] [roducer-admin-0] org.apache.kafka.clients.NetworkClient   : [AdminClient clientId=producer-admin-0] Node -1 disconnected.
2025-04-04T04:30:08.977Z  WARN 2125 --- [producer] [roducer-admin-0] org.apache.kafka.clients.NetworkClient   : [AdminClient clientId=producer-admin-0] Connection to node -1 (localhost/127.0.0.1:9092) could not be established. Node may not be available.
2025-04-04T04:30:09.998Z  INFO 2125 --- [producer] [roducer-admin-0] org.apache.kafka.clients.NetworkClient   : [AdminClient clientId=producer-admin-0] Node -1 disconnected.
2025-04-04T04:30:09.998Z  WARN 2125 --- [producer] [roducer-admin-0] org.apache.kafka.clients.NetworkClient   : [AdminClient clientId=producer-admin-0] Connection to node -1 (localhost/127.0.0.1:9092) could not be established. Node may not be available.
2025-04-04T04:30:10.077Z ERROR 2125 --- [producer] [    Test worker] o.springframework.kafka.core.KafkaAdmin  : Could not configure topics

org.springframework.kafka.KafkaException: Timed out waiting to get existing topics
	at org.springframework.kafka.core.KafkaAdmin.lambda$checkPartitions$13(KafkaAdmin.java:571) ~[spring-kafka-3.3.4.jar:3.3.4]
	at java.base/java.util.HashMap.forEach(HashMap.java:1429) ~[na:na]
	at java.base/java.util.Collections$UnmodifiableMap.forEach(Collections.java:1707) ~[na:na]
	at org.springframework.kafka.core.KafkaAdmin.checkPartitions(KafkaAdmin.java:550) ~[spring-kafka-3.3.4.jar:3.3.4]
	at org.springframework.kafka.core.KafkaAdmin.addOrModifyTopicsIfNeeded(KafkaAdmin.java:443) ~[spring-kafka-3.3.4.jar:3.3.4]
	at org.springframework.kafka.core.KafkaAdmin.initialize(KafkaAdmin.java:276) ~[spring-kafka-3.3.4.jar:3.3.4]
	at org.springframework.kafka.core.KafkaAdmin.afterSingletonsInstantiated(KafkaAdmin.java:245) ~[spring-kafka-3.3.4.jar:3.3.4]
	at org.springframework.beans.factory.support.DefaultListableBeanFactory.preInstantiateSingletons(DefaultListableBeanFactory.java:1083) ~[spring-beans-6.2.5.jar:6.2.5]
	at org.springframework.context.support.AbstractApplicationContext.finishBeanFactoryInitialization(AbstractApplicationContext.java:987) ~[spring-context-6.2.5.jar:6.2.5]
	at org.springframework.context.support.AbstractApplicationContext.refresh(AbstractApplicationContext.java:627) ~[spring-context-6.2.5.jar:6.2.5]
	at org.springframework.boot.SpringApplication.refresh(SpringApplication.java:752) ~[spring-boot-3.4.4.jar:3.4.4]
	at org.springframework.boot.SpringApplication.refreshContext(SpringApplication.java:439) ~[spring-boot-3.4.4.jar:3.4.4]
	at org.springframework.boot.SpringApplication.run(SpringApplication.java:318) ~[spring-boot-3.4.4.jar:3.4.4]
	at org.springframework.boot.test.context.SpringBootContextLoader.lambda$loadContext$3(SpringBootContextLoader.java:144) ~[spring-boot-test-3.4.4.jar:3.4.4]
	at org.springframework.util.function.ThrowingSupplier.get(ThrowingSupplier.java:58) ~[spring-core-6.2.5.jar:6.2.5]
	at org.springframework.util.function.ThrowingSupplier.get(ThrowingSupplier.java:46) ~[spring-core-6.2.5.jar:6.2.5]
	at org.springframework.boot.SpringApplication.withHook(SpringApplication.java:1461) ~[spring-boot-3.4.4.jar:3.4.4]
	at org.springframework.boot.test.context.SpringBootContextLoader$ContextLoaderHook.run(SpringBootContextLoader.java:563) ~[spring-boot-test-3.4.4.jar:3.4.4]
	at org.springframework.boot.test.context.SpringBootContextLoader.loadContext(SpringBootContextLoader.java:144) ~[spring-boot-test-3.4.4.jar:3.4.4]
	at org.springframework.boot.test.context.SpringBootContextLoader.loadContext(SpringBootContextLoader.java:110) ~[spring-boot-test-3.4.4.jar:3.4.4]
	at org.springframework.test.context.cache.DefaultCacheAwareContextLoaderDelegate.loadContextInternal(DefaultCacheAwareContextLoaderDelegate.java:225) ~[spring-test-6.2.5.jar:6.2.5]
	at org.springframework.test.context.cache.DefaultCacheAwareContextLoaderDelegate.loadContext(DefaultCacheAwareContextLoaderDelegate.java:152) ~[spring-test-6.2.5.jar:6.2.5]
	at org.springframework.test.context.support.DefaultTestContext.getApplicationContext(DefaultTestContext.java:130) ~[spring-test-6.2.5.jar:6.2.5]
	at org.springframework.test.context.web.ServletTestExecutionListener.setUpRequestContextIfNecessary(ServletTestExecutionListener.java:200) ~[spring-test-6.2.5.jar:6.2.5]
	at org.springframework.test.context.web.ServletTestExecutionListener.prepareTestInstance(ServletTestExecutionListener.java:139) ~[spring-test-6.2.5.jar:6.2.5]
	at org.springframework.test.context.TestContextManager.prepareTestInstance(TestContextManager.java:260) ~[spring-test-6.2.5.jar:6.2.5]
	at org.springframework.test.context.junit.jupiter.SpringExtension.postProcessTestInstance(SpringExtension.java:160) ~[spring-test-6.2.5.jar:6.2.5]
	at org.junit.jupiter.engine.descriptor.ClassBasedTestDescriptor.lambda$invokeTestInstancePostProcessors$11(ClassBasedTestDescriptor.java:378) ~[junit-jupiter-engine-5.11.4.jar:5.11.4]
	at org.junit.jupiter.engine.descriptor.ClassBasedTestDescriptor.executeAndMaskThrowable(ClassBasedTestDescriptor.java:383) ~[junit-jupiter-engine-5.11.4.jar:5.11.4]
	at org.junit.jupiter.engine.descriptor.ClassBasedTestDescriptor.lambda$invokeTestInstancePostProcessors$12(ClassBasedTestDescriptor.java:378) ~[junit-jupiter-engine-5.11.4.jar:5.11.4]
	at java.base/java.util.stream.ForEachOps$ForEachOp$OfRef.accept(ForEachOps.java:184) ~[na:na]
	at java.base/java.util.stream.ReferencePipeline$3$1.accept(ReferencePipeline.java:197) ~[na:na]
	at java.base/java.util.stream.ReferencePipeline$2$1.accept(ReferencePipeline.java:179) ~[na:na]
	at java.base/java.util.stream.ReferencePipeline$3$1.accept(ReferencePipeline.java:197) ~[na:na]
	at java.base/java.util.ArrayList$ArrayListSpliterator.forEachRemaining(ArrayList.java:1708) ~[na:na]
	at java.base/java.util.stream.AbstractPipeline.copyInto(AbstractPipeline.java:509) ~[na:na]
	at java.base/java.util.stream.AbstractPipeline.wrapAndCopyInto(AbstractPipeline.java:499) ~[na:na]
	at java.base/java.util.stream.ForEachOps$ForEachOp.evaluateSequential(ForEachOps.java:151) ~[na:na]
	at java.base/java.util.stream.ForEachOps$ForEachOp$OfRef.evaluateSequential(ForEachOps.java:174) ~[na:na]
	at java.base/java.util.stream.AbstractPipeline.evaluate(AbstractPipeline.java:234) ~[na:na]
	at java.base/java.util.stream.ReferencePipeline.forEach(ReferencePipeline.java:596) ~[na:na]
	at org.junit.jupiter.engine.descriptor.ClassBasedTestDescriptor.invokeTestInstancePostProcessors(ClassBasedTestDescriptor.java:377) ~[junit-jupiter-engine-5.11.4.jar:5.11.4]
	at org.junit.jupiter.engine.descriptor.ClassBasedTestDescriptor.lambda$instantiateAndPostProcessTestInstance$7(ClassBasedTestDescriptor.java:290) ~[junit-jupiter-engine-5.11.4.jar:5.11.4]
	at org.junit.platform.engine.support.hierarchical.ThrowableCollector.execute(ThrowableCollector.java:73) ~[junit-platform-engine-1.11.4.jar:1.11.4]
	at org.junit.jupiter.engine.descriptor.ClassBasedTestDescriptor.instantiateAndPostProcessTestInstance(ClassBasedTestDescriptor.java:289) ~[junit-jupiter-engine-5.11.4.jar:5.11.4]
	at org.junit.jupiter.engine.descriptor.ClassBasedTestDescriptor.lambda$testInstancesProvider$5(ClassBasedTestDescriptor.java:279) ~[junit-jupiter-engine-5.11.4.jar:5.11.4]
	at java.base/java.util.Optional.orElseGet(Optional.java:364) ~[na:na]
	at org.junit.jupiter.engine.descriptor.ClassBasedTestDescriptor.lambda$testInstancesProvider$6(ClassBasedTestDescriptor.java:278) ~[junit-jupiter-engine-5.11.4.jar:5.11.4]
	at org.junit.jupiter.engine.execution.TestInstancesProvider.getTestInstances(TestInstancesProvider.java:31) ~[junit-jupiter-engine-5.11.4.jar:5.11.4]
	at org.junit.jupiter.engine.descriptor.TestMethodTestDescriptor.lambda$prepare$1(TestMethodTestDescriptor.java:105) ~[junit-jupiter-engine-5.11.4.jar:5.11.4]
	at org.junit.platform.engine.support.hierarchical.ThrowableCollector.execute(ThrowableCollector.java:73) ~[junit-platform-engine-1.11.4.jar:1.11.4]
	at org.junit.jupiter.engine.descriptor.TestMethodTestDescriptor.prepare(TestMethodTestDescriptor.java:104) ~[junit-jupiter-engine-5.11.4.jar:5.11.4]
	at org.junit.jupiter.engine.descriptor.TestMethodTestDescriptor.prepare(TestMethodTestDescriptor.java:68) ~[junit-jupiter-engine-5.11.4.jar:5.11.4]
	at org.junit.platform.engine.support.hierarchical.NodeTestTask.lambda$prepare$2(NodeTestTask.java:128) ~[junit-platform-engine-1.11.4.jar:1.11.4]
	at org.junit.platform.engine.support.hierarchical.ThrowableCollector.execute(ThrowableCollector.java:73) ~[junit-platform-engine-1.11.4.jar:1.11.4]
	at org.junit.platform.engine.support.hierarchical.NodeTestTask.prepare(NodeTestTask.java:128) ~[junit-platform-engine-1.11.4.jar:1.11.4]
	at org.junit.platform.engine.support.hierarchical.NodeTestTask.execute(NodeTestTask.java:95) ~[junit-platform-engine-1.11.4.jar:1.11.4]
	at java.base/java.util.ArrayList.forEach(ArrayList.java:1596) ~[na:na]
	at org.junit.platform.engine.support.hierarchical.SameThreadHierarchicalTestExecutorService.invokeAll(SameThreadHierarchicalTestExecutorService.java:41) ~[junit-platform-engine-1.11.4.jar:1.11.4]
	at org.junit.platform.engine.support.hierarchical.NodeTestTask.lambda$executeRecursively$6(NodeTestTask.java:160) ~[junit-platform-engine-1.11.4.jar:1.11.4]
	at org.junit.platform.engine.support.hierarchical.ThrowableCollector.execute(ThrowableCollector.java:73) ~[junit-platform-engine-1.11.4.jar:1.11.4]
	at org.junit.platform.engine.support.hierarchical.NodeTestTask.lambda$executeRecursively$8(NodeTestTask.java:146) ~[junit-platform-engine-1.11.4.jar:1.11.4]
	at org.junit.platform.engine.support.hierarchical.Node.around(Node.java:137) ~[junit-platform-engine-1.11.4.jar:1.11.4]
	at org.junit.platform.engine.support.hierarchical.NodeTestTask.lambda$executeRecursively$9(NodeTestTask.java:144) ~[junit-platform-engine-1.11.4.jar:1.11.4]
	at org.junit.platform.engine.support.hierarchical.ThrowableCollector.execute(ThrowableCollector.java:73) ~[junit-platform-engine-1.11.4.jar:1.11.4]
	at org.junit.platform.engine.support.hierarchical.NodeTestTask.executeRecursively(NodeTestTask.java:143) ~[junit-platform-engine-1.11.4.jar:1.11.4]
	at org.junit.platform.engine.support.hierarchical.NodeTestTask.execute(NodeTestTask.java:100) ~[junit-platform-engine-1.11.4.jar:1.11.4]
	at java.base/java.util.ArrayList.forEach(ArrayList.java:1596) ~[na:na]
	at org.junit.platform.engine.support.hierarchical.SameThreadHierarchicalTestExecutorService.invokeAll(SameThreadHierarchicalTestExecutorService.java:41) ~[junit-platform-engine-1.11.4.jar:1.11.4]
	at org.junit.platform.engine.support.hierarchical.NodeTestTask.lambda$executeRecursively$6(NodeTestTask.java:160) ~[junit-platform-engine-1.11.4.jar:1.11.4]
	at org.junit.platform.engine.support.hierarchical.ThrowableCollector.execute(ThrowableCollector.java:73) ~[junit-platform-engine-1.11.4.jar:1.11.4]
	at org.junit.platform.engine.support.hierarchical.NodeTestTask.lambda$executeRecursively$8(NodeTestTask.java:146) ~[junit-platform-engine-1.11.4.jar:1.11.4]
	at org.junit.platform.engine.support.hierarchical.Node.around(Node.java:137) ~[junit-platform-engine-1.11.4.jar:1.11.4]
	at org.junit.platform.engine.support.hierarchical.NodeTestTask.lambda$executeRecursively$9(NodeTestTask.java:144) ~[junit-platform-engine-1.11.4.jar:1.11.4]
	at org.junit.platform.engine.support.hierarchical.ThrowableCollector.execute(ThrowableCollector.java:73) ~[junit-platform-engine-1.11.4.jar:1.11.4]
	at org.junit.platform.engine.support.hierarchical.NodeTestTask.executeRecursively(NodeTestTask.java:143) ~[junit-platform-engine-1.11.4.jar:1.11.4]
	at org.junit.platform.engine.support.hierarchical.NodeTestTask.execute(NodeTestTask.java:100) ~[junit-platform-engine-1.11.4.jar:1.11.4]
	at org.junit.platform.engine.support.hierarchical.SameThreadHierarchicalTestExecutorService.submit(SameThreadHierarchicalTestExecutorService.java:35) ~[junit-platform-engine-1.11.4.jar:1.11.4]
	at org.junit.platform.engine.support.hierarchical.HierarchicalTestExecutor.execute(HierarchicalTestExecutor.java:57) ~[junit-platform-engine-1.11.4.jar:1.11.4]
	at org.junit.platform.engine.support.hierarchical.HierarchicalTestEngine.execute(HierarchicalTestEngine.java:54) ~[junit-platform-engine-1.11.4.jar:1.11.4]
	at org.junit.platform.launcher.core.EngineExecutionOrchestrator.execute(EngineExecutionOrchestrator.java:198) ~[junit-platform-launcher-1.11.4.jar:1.11.4]
	at org.junit.platform.launcher.core.EngineExecutionOrchestrator.execute(EngineExecutionOrchestrator.java:169) ~[junit-platform-launcher-1.11.4.jar:1.11.4]
	at org.junit.platform.launcher.core.EngineExecutionOrchestrator.execute(EngineExecutionOrchestrator.java:93) ~[junit-platform-launcher-1.11.4.jar:1.11.4]
	at org.junit.platform.launcher.core.EngineExecutionOrchestrator.lambda$execute$0(EngineExecutionOrchestrator.java:58) ~[junit-platform-launcher-1.11.4.jar:1.11.4]
	at org.junit.platform.launcher.core.EngineExecutionOrchestrator.withInterceptedStreams(EngineExecutionOrchestrator.java:141) ~[junit-platform-launcher-1.11.4.jar:1.11.4]
	at org.junit.platform.launcher.core.EngineExecutionOrchestrator.execute(EngineExecutionOrchestrator.java:57) ~[junit-platform-launcher-1.11.4.jar:1.11.4]
	at org.junit.platform.launcher.core.DefaultLauncher.execute(DefaultLauncher.java:103) ~[junit-platform-launcher-1.11.4.jar:1.11.4]
	at org.junit.platform.launcher.core.DefaultLauncher.execute(DefaultLauncher.java:85) ~[junit-platform-launcher-1.11.4.jar:1.11.4]
	at org.junit.platform.launcher.core.DelegatingLauncher.execute(DelegatingLauncher.java:47) ~[junit-platform-launcher-1.11.4.jar:1.11.4]
	at org.gradle.api.internal.tasks.testing.junitplatform.JUnitPlatformTestClassProcessor$CollectAllTestClassesExecutor.processAllTestClasses(JUnitPlatformTestClassProcessor.java:124) ~[na:na]
	at org.gradle.api.internal.tasks.testing.junitplatform.JUnitPlatformTestClassProcessor$CollectAllTestClassesExecutor.access$000(JUnitPlatformTestClassProcessor.java:99) ~[na:na]
	at org.gradle.api.internal.tasks.testing.junitplatform.JUnitPlatformTestClassProcessor.stop(JUnitPlatformTestClassProcessor.java:94) ~[na:na]
	at org.gradle.api.internal.tasks.testing.SuiteTestClassProcessor.stop(SuiteTestClassProcessor.java:63) ~[na:na]
	at java.base/jdk.internal.reflect.DirectMethodHandleAccessor.invoke(DirectMethodHandleAccessor.java:103) ~[na:na]
	at java.base/java.lang.reflect.Method.invoke(Method.java:580) ~[na:na]
	at org.gradle.internal.dispatch.ReflectionDispatch.dispatch(ReflectionDispatch.java:36) ~[na:na]
	at org.gradle.internal.dispatch.ReflectionDispatch.dispatch(ReflectionDispatch.java:24) ~[na:na]
	at org.gradle.internal.dispatch.ContextClassLoaderDispatch.dispatch(ContextClassLoaderDispatch.java:33) ~[na:na]
	at org.gradle.internal.dispatch.ProxyDispatchAdapter$DispatchingInvocationHandler.invoke(ProxyDispatchAdapter.java:92) ~[na:na]
	at jdk.proxy1/jdk.proxy1.$Proxy4.stop(Unknown Source) ~[na:na]
	at org.gradle.api.internal.tasks.testing.worker.TestWorker$3.run(TestWorker.java:200) ~[na:na]
	at org.gradle.api.internal.tasks.testing.worker.TestWorker.executeAndMaintainThreadName(TestWorker.java:132) ~[na:na]
	at org.gradle.api.internal.tasks.testing.worker.TestWorker.execute(TestWorker.java:103) ~[na:na]
	at org.gradle.api.internal.tasks.testing.worker.TestWorker.execute(TestWorker.java:63) ~[na:na]
	at org.gradle.process.internal.worker.child.ActionExecutionWorker.execute(ActionExecutionWorker.java:56) ~[na:na]
	at org.gradle.process.internal.worker.child.SystemApplicationClassLoaderWorker.call(SystemApplicationClassLoaderWorker.java:121) ~[na:na]
	at org.gradle.process.internal.worker.child.SystemApplicationClassLoaderWorker.call(SystemApplicationClassLoaderWorker.java:71) ~[na:na]
	at worker.org.gradle.process.internal.worker.GradleWorkerMain.run(GradleWorkerMain.java:69) ~[gradle-worker.jar:na]
	at worker.org.gradle.process.internal.worker.GradleWorkerMain.main(GradleWorkerMain.java:74) ~[gradle-worker.jar:na]
Caused by: java.util.concurrent.TimeoutException: null
	at java.base/java.util.concurrent.CompletableFuture.timedGet(CompletableFuture.java:1960) ~[na:na]
	at java.base/java.util.concurrent.CompletableFuture.get(CompletableFuture.java:2095) ~[na:na]
	at org.apache.kafka.common.internals.KafkaFutureImpl.get(KafkaFutureImpl.java:180) ~[kafka-clients-3.8.1.jar:na]
	at org.springframework.kafka.core.KafkaAdmin.lambda$checkPartitions$13(KafkaAdmin.java:553) ~[spring-kafka-3.3.4.jar:3.3.4]
	... 108 common frames omitted

2025-04-04T04:30:10.741Z  INFO 2125 --- [producer] [roducer-admin-0] o.a.k.c.a.i.AdminMetadataManager         : [AdminClient clientId=producer-admin-0] Metadata update failed

org.apache.kafka.common.errors.TimeoutException: Timed out waiting for a node assignment. Call: fetchMetadata

2025-04-04T04:30:10.949Z  INFO 2125 --- [producer] [roducer-admin-0] org.apache.kafka.clients.NetworkClient   : [AdminClient clientId=producer-admin-0] Node -1 disconnected.
2025-04-04T04:30:10.949Z  WARN 2125 --- [producer] [roducer-admin-0] org.apache.kafka.clients.NetworkClient   : [AdminClient clientId=producer-admin-0] Connection to node -1 (localhost/127.0.0.1:9092) could not be established. Node may not be available.
2025-04-04T04:30:11.995Z  INFO 2125 --- [producer] [roducer-admin-0] org.apache.kafka.clients.NetworkClient   : [AdminClient clientId=producer-admin-0] Node -1 disconnected.
2025-04-04T04:30:11.995Z  WARN 2125 --- [producer] [roducer-admin-0] org.apache.kafka.clients.NetworkClient   : [AdminClient clientId=producer-admin-0] Connection to node -1 (localhost/127.0.0.1:9092) could not be established. Node may not be available.
2025-04-04T04:30:13.017Z  INFO 2125 --- [producer] [roducer-admin-0] org.apache.kafka.clients.NetworkClient   : [AdminClient clientId=producer-admin-0] Node -1 disconnected.
2025-04-04T04:30:13.017Z  WARN 2125 --- [producer] [roducer-admin-0] org.apache.kafka.clients.NetworkClient   : [AdminClient clientId=producer-admin-0] Connection to node -1 (localhost/127.0.0.1:9092) could not be established. Node may not be available.
2025-04-04T04:30:14.060Z  INFO 2125 --- [producer] [roducer-admin-0] org.apache.kafka.clients.NetworkClient   : [AdminClient clientId=producer-admin-0] Node -1 disconnected.
2025-04-04T04:30:14.060Z  WARN 2125 --- [producer] [roducer-admin-0] org.apache.kafka.clients.NetworkClient   : [AdminClient clientId=producer-admin-0] Connection to node -1 (localhost/127.0.0.1:9092) could not be established. Node may not be available.
2025-04-04T04:30:15.065Z  INFO 2125 --- [producer] [roducer-admin-0] org.apache.kafka.clients.NetworkClient   : [AdminClient clientId=producer-admin-0] Node -1 disconnected.
2025-04-04T04:30:15.065Z  WARN 2125 --- [producer] [roducer-admin-0] org.apache.kafka.clients.NetworkClient   : [AdminClient clientId=producer-admin-0] Connection to node -1 (localhost/127.0.0.1:9092) could not be established. Node may not be available.
2025-04-04T04:30:16.069Z  INFO 2125 --- [producer] [roducer-admin-0] org.apache.kafka.clients.NetworkClient   : [AdminClient clientId=producer-admin-0] Node -1 disconnected.
2025-04-04T04:30:16.069Z  WARN 2125 --- [producer] [roducer-admin-0] org.apache.kafka.clients.NetworkClient   : [AdminClient clientId=producer-admin-0] Connection to node -1 (localhost/127.0.0.1:9092) could not be established. Node may not be available.
2025-04-04T04:30:17.073Z  INFO 2125 --- [producer] [roducer-admin-0] org.apache.kafka.clients.NetworkClient   : [AdminClient clientId=producer-admin-0] Node -1 disconnected.
2025-04-04T04:30:17.073Z  WARN 2125 --- [producer] [roducer-admin-0] org.apache.kafka.clients.NetworkClient   : [AdminClient clientId=producer-admin-0] Connection to node -1 (localhost/127.0.0.1:9092) could not be established. Node may not be available.
2025-04-04T04:30:17.983Z  INFO 2125 --- [producer] [roducer-admin-0] org.apache.kafka.clients.NetworkClient   : [AdminClient clientId=producer-admin-0] Node -1 disconnected.
2025-04-04T04:30:17.983Z  WARN 2125 --- [producer] [roducer-admin-0] org.apache.kafka.clients.NetworkClient   : [AdminClient clientId=producer-admin-0] Connection to node -1 (localhost/127.0.0.1:9092) could not be established. Node may not be available.
2025-04-04T04:30:18.791Z  INFO 2125 --- [producer] [roducer-admin-0] org.apache.kafka.clients.NetworkClient   : [AdminClient clientId=producer-admin-0] Node -1 disconnected.
2025-04-04T04:30:18.791Z  WARN 2125 --- [producer] [roducer-admin-0] org.apache.kafka.clients.NetworkClient   : [AdminClient clientId=producer-admin-0] Connection to node -1 (localhost/127.0.0.1:9092) could not be established. Node may not be available.
2025-04-04T04:30:19.603Z  INFO 2125 --- [producer] [roducer-admin-0] org.apache.kafka.clients.NetworkClient   : [AdminClient clientId=producer-admin-0] Node -1 disconnected.
2025-04-04T04:30:19.603Z  WARN 2125 --- [producer] [roducer-admin-0] org.apache.kafka.clients.NetworkClient   : [AdminClient clientId=producer-admin-0] Connection to node -1 (localhost/127.0.0.1:9092) could not be established. Node may not be available.
2025-04-04T04:30:20.084Z  INFO 2125 --- [producer] [roducer-admin-0] o.a.k.clients.admin.KafkaAdminClient     : [AdminClient clientId=producer-admin-0] Forcing a hard I/O thread shutdown. Requests in progress will be aborted.
2025-04-04T04:30:20.085Z  INFO 2125 --- [producer] [roducer-admin-0] o.a.kafka.common.utils.AppInfoParser     : App info kafka.admin.client for producer-admin-0 unregistered
2025-04-04T04:30:20.085Z  INFO 2125 --- [producer] [roducer-admin-0] o.a.k.c.a.i.AdminMetadataManager         : [AdminClient clientId=producer-admin-0] Metadata update failed

org.apache.kafka.common.errors.TimeoutException: The AdminClient thread has exited. Call: fetchMetadata

2025-04-04T04:30:20.085Z  INFO 2125 --- [producer] [roducer-admin-0] o.a.k.clients.admin.KafkaAdminClient     : [AdminClient clientId=producer-admin-0] Timed out 2 remaining operation(s) during close.
2025-04-04T04:30:20.087Z  INFO 2125 --- [producer] [roducer-admin-0] o.apache.kafka.common.metrics.Metrics    : Metrics scheduler closed
2025-04-04T04:30:20.087Z  INFO 2125 --- [producer] [roducer-admin-0] o.apache.kafka.common.metrics.Metrics    : Closing reporter org.apache.kafka.common.metrics.JmxReporter
2025-04-04T04:30:20.087Z  INFO 2125 --- [producer] [roducer-admin-0] o.apache.kafka.common.metrics.Metrics    : Metrics reporters closed
2025-04-04T04:30:20.091Z  INFO 2125 --- [producer] [    Test worker] c.l.producer.ProducerApplicationTests    : Started ProducerApplicationTests in 40.507 seconds (process running for 41.856)
]]></system-out>
  <system-err><![CDATA[Mockito is currently self-attaching to enable the inline-mock-maker. This will no longer work in future releases of the JDK. Please add Mockito as an agent to your build what is described in Mockito's documentation: https://javadoc.io/doc/org.mockito/mockito-core/latest/org/mockito/Mockito.html#0.3
WARNING: A Java agent has been loaded dynamically (/home/shubh/.gradle/caches/modules-2/files-2.1/net.bytebuddy/byte-buddy-agent/1.15.11/a38b16385e867f59a641330f0362ebe742788ed8/byte-buddy-agent-1.15.11.jar)
WARNING: If a serviceability tool is in use, please run with -XX:+EnableDynamicAgentLoading to hide this warning
WARNING: If a serviceability tool is not in use, please run with -Djdk.instrument.traceUsage for more information
WARNING: Dynamic loading of agents will be disallowed by default in a future release
]]></system-err>
</testsuite>
